<?xml version="1.0" encoding="UTF-8"?>
<testng-results ignored="0" total="1" passed="1" failed="0" skipped="0">
  <reporter-output>
  </reporter-output>
  <suite started-at="2024-06-14T20:30:33 IST" name="Default suite" finished-at="2024-06-14T20:30:47 IST" duration-ms="14101">
    <groups>
    </groups>
    <test started-at="2024-06-14T20:30:33 IST" name="Default test" finished-at="2024-06-14T20:30:47 IST" duration-ms="14101">
      <class name="testpackage.GoToTopTrying">
        <test-method is-config="true" signature="setup()[pri:0, instance:testpackage.GoToTopTrying@1de76cc7]" started-at="2024-06-14T20:30:33 IST" name="setup" finished-at="2024-06-14T20:30:46 IST" duration-ms="13825" status="PASS">
          <reporter-output>
          </reporter-output>
        </test-method> <!-- setup -->
        <test-method signature="mytry()[pri:0, instance:testpackage.GoToTopTrying@1de76cc7]" started-at="2024-06-14T20:30:46 IST" name="mytry" finished-at="2024-06-14T20:30:47 IST" duration-ms="209" status="PASS">
          <reporter-output>
          </reporter-output>
        </test-method> <!-- mytry -->
      </class> <!-- testpackage.GoToTopTrying -->
    </test> <!-- Default test -->
  </suite> <!-- Default suite -->
</testng-results>
